Copyright 1986-2022 Xilinx, Inc. All Rights Reserved. Copyright 2022-2024 Advanced Micro Devices, Inc. All Rights Reserved.
---------------------------------------------------------------------------------------------------------------------------------------------
| Tool Version : Vivado v.2023.2.2 (win64) Build 4126759 Thu Feb  8 23:53:51 MST 2024
| Date         : Tue Apr 23 16:21:39 2024
| Host         : DESKTOP-V44UH9Q running 64-bit major release  (build 9200)
| Command      : report_control_sets -verbose -file top_control_sets_placed.rpt
| Design       : top
| Device       : xc7a35t
---------------------------------------------------------------------------------------------------------------------------------------------

Control Set Information

Table of Contents
-----------------
1. Summary
2. Histogram
3. Flip-Flop Distribution
4. Detailed Control Set Information

1. Summary
----------

+----------------------------------------------------------+-------+
|                          Status                          | Count |
+----------------------------------------------------------+-------+
| Total control sets                                       |   532 |
|    Minimum number of control sets                        |   532 |
|    Addition due to synthesis replication                 |     0 |
|    Addition due to physical synthesis replication        |     0 |
| Unused register locations in slices containing registers |    78 |
+----------------------------------------------------------+-------+
* Control sets can be merged at opt_design using control_set_merge or merge_equivalent_drivers
** Run report_qor_suggestions for automated merging and remapping suggestions


2. Histogram
------------

+--------------------+-------+
|       Fanout       | Count |
+--------------------+-------+
| Total control sets |   532 |
| >= 0 to < 4        |     0 |
| >= 4 to < 6        |     6 |
| >= 6 to < 8        |     1 |
| >= 8 to < 10       |   511 |
| >= 10 to < 12      |     1 |
| >= 12 to < 14      |     1 |
| >= 14 to < 16      |     1 |
| >= 16              |    11 |
+--------------------+-------+
* Control sets can be remapped at either synth_design or opt_design


3. Flip-Flop Distribution
-------------------------

+--------------+-----------------------+------------------------+-----------------+--------------+
| Clock Enable | Synchronous Set/Reset | Asynchronous Set/Reset | Total Registers | Total Slices |
+--------------+-----------------------+------------------------+-----------------+--------------+
| No           | No                    | No                     |              68 |           37 |
| No           | No                    | Yes                    |               4 |            2 |
| No           | Yes                   | No                     |              53 |           20 |
| Yes          | No                    | No                     |            4167 |         2624 |
| Yes          | No                    | Yes                    |               0 |            0 |
| Yes          | Yes                   | No                     |             366 |          147 |
+--------------+-----------------------+------------------------+-----------------+--------------+


4. Detailed Control Set Information
-----------------------------------

+-----------------------+-----------------------------------------+-----------------------------------+------------------+----------------+--------------+
|      Clock Signal     |              Enable Signal              |          Set/Reset Signal         | Slice Load Count | Bel Load Count | Bels / Slice |
+-----------------------+-----------------------------------------+-----------------------------------+------------------+----------------+--------------+
|  clk_wiz/inst/clk_out | dataConsume1/max_ind_bcd[2][3]_i_1_n_0  |                                   |                1 |              4 |         4.00 |
|  clk_wiz/inst/clk_out | dataConsume1/max_ind_bcd[1][3]_i_1_n_0  |                                   |                2 |              4 |         2.00 |
|  clk_wiz/inst/clk_out | rx/baudClkX8Count[3]_i_1_n_0            | rx/bitTmr[10]_i_1_n_0             |                1 |              4 |         4.00 |
|  clk_wiz/inst/clk_out | cmdProc1/ctrlByteCount                  | reset_IBUF                        |                2 |              4 |         2.00 |
|  clk_wiz/inst/clk_out | dataConsume1/max_ind_bcd[0][3]_i_1_n_0  |                                   |                2 |              4 |         2.00 |
|  clk_wiz/inst/clk_out | rx/rcvShiftReg                          | rx/bitCount[3]_i_1_n_0            |                1 |              4 |         4.00 |
|  clk_wiz/inst/clk_out | dataConsume1/temp[5]_i_1_n_0            |                                   |                6 |              6 |         1.00 |
|  clk_wiz/inst/clk_out | dataConsume1/data_store[106][7]_i_1_n_0 |                                   |                6 |              8 |         1.33 |
|  clk_wiz/inst/clk_out | dataConsume1/data_store[83][7]_i_1_n_0  |                                   |                4 |              8 |         2.00 |
|  clk_wiz/inst/clk_out | dataConsume1/data_store[86][7]_i_1_n_0  |                                   |                3 |              8 |         2.67 |
|  clk_wiz/inst/clk_out | dataConsume1/data_store[9][7]_i_1_n_0   |                                   |                7 |              8 |         1.14 |
|  clk_wiz/inst/clk_out | rx/rcvDataReg[7]_i_1_n_0                | reset_IBUF                        |                1 |              8 |         8.00 |
|  clk_wiz/inst/clk_out | cmdProc1/txnow                          |                                   |                5 |              8 |         1.60 |
|  clk_wiz/inst/clk_out | dataConsume1/byte[7]_i_1_n_0            |                                   |                2 |              8 |         4.00 |
|  clk_wiz/inst/clk_out | dataConsume1/data_store[161][7]_i_1_n_0 |                                   |                6 |              8 |         1.33 |
|  clk_wiz/inst/clk_out | dataConsume1/data_store[174][7]_i_1_n_0 |                                   |                4 |              8 |         2.00 |
|  clk_wiz/inst/clk_out | dataConsume1/data_store[177][7]_i_1_n_0 |                                   |                4 |              8 |         2.00 |
|  clk_wiz/inst/clk_out | dataConsume1/data_store[181][7]_i_1_n_0 |                                   |                6 |              8 |         1.33 |
|  clk_wiz/inst/clk_out | dataConsume1/data_store[143][7]_i_1_n_0 |                                   |                5 |              8 |         1.60 |
|  clk_wiz/inst/clk_out | dataConsume1/data_store[163][7]_i_1_n_0 |                                   |                5 |              8 |         1.60 |
|  clk_wiz/inst/clk_out | dataConsume1/data_store[176][7]_i_1_n_0 |                                   |                4 |              8 |         2.00 |
|  clk_wiz/inst/clk_out | dataConsume1/data_store[171][7]_i_1_n_0 |                                   |                7 |              8 |         1.14 |
|  clk_wiz/inst/clk_out | dataConsume1/data_store[170][7]_i_1_n_0 |                                   |                5 |              8 |         1.60 |
|  clk_wiz/inst/clk_out | dataConsume1/data_store[152][7]_i_1_n_0 |                                   |                6 |              8 |         1.33 |
|  clk_wiz/inst/clk_out | dataConsume1/data_store[147][7]_i_1_n_0 |                                   |                5 |              8 |         1.60 |
|  clk_wiz/inst/clk_out | dataConsume1/data_store[140][7]_i_1_n_0 |                                   |                3 |              8 |         2.67 |
|  clk_wiz/inst/clk_out | dataConsume1/data_store[153][7]_i_1_n_0 |                                   |                6 |              8 |         1.33 |
|  clk_wiz/inst/clk_out | dataConsume1/data_store[158][7]_i_1_n_0 |                                   |                5 |              8 |         1.60 |
|  clk_wiz/inst/clk_out | dataConsume1/data_store[159][7]_i_1_n_0 |                                   |                6 |              8 |         1.33 |
|  clk_wiz/inst/clk_out | dataConsume1/data_store[169][7]_i_1_n_0 |                                   |                6 |              8 |         1.33 |
|  clk_wiz/inst/clk_out | dataConsume1/data_store[173][7]_i_1_n_0 |                                   |                6 |              8 |         1.33 |
|  clk_wiz/inst/clk_out | dataConsume1/data_store[175][7]_i_1_n_0 |                                   |                7 |              8 |         1.14 |
|  clk_wiz/inst/clk_out | dataConsume1/data_store[178][7]_i_1_n_0 |                                   |                6 |              8 |         1.33 |
|  clk_wiz/inst/clk_out | dataConsume1/data_store[179][7]_i_1_n_0 |                                   |                5 |              8 |         1.60 |
|  clk_wiz/inst/clk_out | dataConsume1/data_store[14][7]_i_1_n_0  |                                   |                5 |              8 |         1.60 |
|  clk_wiz/inst/clk_out | dataConsume1/data_store[157][7]_i_1_n_0 |                                   |                5 |              8 |         1.60 |
|  clk_wiz/inst/clk_out | dataConsume1/data_store[144][7]_i_1_n_0 |                                   |                6 |              8 |         1.33 |
|  clk_wiz/inst/clk_out | dataConsume1/data_store[160][7]_i_1_n_0 |                                   |                5 |              8 |         1.60 |
|  clk_wiz/inst/clk_out | dataConsume1/data_store[164][7]_i_1_n_0 |                                   |                6 |              8 |         1.33 |
|  clk_wiz/inst/clk_out | dataConsume1/data_store[15][7]_i_1_n_0  |                                   |                5 |              8 |         1.60 |
|  clk_wiz/inst/clk_out | dataConsume1/data_store[167][7]_i_1_n_0 |                                   |                6 |              8 |         1.33 |
|  clk_wiz/inst/clk_out | dataConsume1/data_store[168][7]_i_1_n_0 |                                   |                6 |              8 |         1.33 |
|  clk_wiz/inst/clk_out | dataConsume1/data_store[172][7]_i_1_n_0 |                                   |                6 |              8 |         1.33 |
|  clk_wiz/inst/clk_out | dataConsume1/data_store[180][7]_i_1_n_0 |                                   |                6 |              8 |         1.33 |
|  clk_wiz/inst/clk_out | dataConsume1/data_store[145][7]_i_1_n_0 |                                   |                4 |              8 |         2.00 |
|  clk_wiz/inst/clk_out | dataConsume1/data_store[139][7]_i_1_n_0 |                                   |                3 |              8 |         2.67 |
|  clk_wiz/inst/clk_out | dataConsume1/data_store[156][7]_i_1_n_0 |                                   |                5 |              8 |         1.60 |
|  clk_wiz/inst/clk_out | dataConsume1/data_store[141][7]_i_1_n_0 |                                   |                6 |              8 |         1.33 |
|  clk_wiz/inst/clk_out | dataConsume1/data_store[16][7]_i_1_n_0  |                                   |                4 |              8 |         2.00 |
|  clk_wiz/inst/clk_out | dataConsume1/data_store[162][7]_i_1_n_0 |                                   |                6 |              8 |         1.33 |
|  clk_wiz/inst/clk_out | dataConsume1/data_store[142][7]_i_1_n_0 |                                   |                5 |              8 |         1.60 |
|  clk_wiz/inst/clk_out | dataConsume1/data_store[151][7]_i_1_n_0 |                                   |                6 |              8 |         1.33 |
|  clk_wiz/inst/clk_out | dataConsume1/data_store[17][7]_i_1_n_0  |                                   |                6 |              8 |         1.33 |
|  clk_wiz/inst/clk_out | dataConsume1/data_store[149][7]_i_1_n_0 |                                   |                6 |              8 |         1.33 |
|  clk_wiz/inst/clk_out | dataConsume1/data_store[146][7]_i_1_n_0 |                                   |                3 |              8 |         2.67 |
|  clk_wiz/inst/clk_out | dataConsume1/data_store[150][7]_i_1_n_0 |                                   |                6 |              8 |         1.33 |
|  clk_wiz/inst/clk_out | dataConsume1/data_store[13][7]_i_1_n_0  |                                   |                7 |              8 |         1.14 |
|  clk_wiz/inst/clk_out | dataConsume1/data_store[154][7]_i_1_n_0 |                                   |                5 |              8 |         1.60 |
|  clk_wiz/inst/clk_out | dataConsume1/data_store[148][7]_i_1_n_0 |                                   |                6 |              8 |         1.33 |
|  clk_wiz/inst/clk_out | dataConsume1/data_store[155][7]_i_1_n_0 |                                   |                5 |              8 |         1.60 |
|  clk_wiz/inst/clk_out | dataConsume1/data_store[165][7]_i_1_n_0 |                                   |                6 |              8 |         1.33 |
|  clk_wiz/inst/clk_out | dataConsume1/data_store[166][7]_i_1_n_0 |                                   |                7 |              8 |         1.14 |
|  clk_wiz/inst/clk_out | dataConsume1/data_store[113][7]_i_1_n_0 |                                   |                6 |              8 |         1.33 |
|  clk_wiz/inst/clk_out | dataConsume1/data_store[119][7]_i_1_n_0 |                                   |                5 |              8 |         1.60 |
|  clk_wiz/inst/clk_out | dataConsume1/data_store[127][7]_i_1_n_0 |                                   |                5 |              8 |         1.60 |
|  clk_wiz/inst/clk_out | dataConsume1/data_store[112][7]_i_1_n_0 |                                   |                5 |              8 |         1.60 |
|  clk_wiz/inst/clk_out | dataConsume1/data_store[104][7]_i_1_n_0 |                                   |                7 |              8 |         1.14 |
|  clk_wiz/inst/clk_out | dataConsume1/data_store[208][7]_i_1_n_0 |                                   |                4 |              8 |         2.00 |
|  clk_wiz/inst/clk_out | dataConsume1/data_store[120][7]_i_1_n_0 |                                   |                6 |              8 |         1.33 |
|  clk_wiz/inst/clk_out | dataConsume1/data_store[11][7]_i_1_n_0  |                                   |                4 |              8 |         2.00 |
|  clk_wiz/inst/clk_out | dataConsume1/data_store[101][7]_i_1_n_0 |                                   |                8 |              8 |         1.00 |
|  clk_wiz/inst/clk_out | dataConsume1/data_store[116][7]_i_1_n_0 |                                   |                5 |              8 |         1.60 |
|  clk_wiz/inst/clk_out | dataConsume1/data_store[102][7]_i_1_n_0 |                                   |                5 |              8 |         1.60 |
|  clk_wiz/inst/clk_out | dataConsume1/data_store[108][7]_i_1_n_0 |                                   |                5 |              8 |         1.60 |
|  clk_wiz/inst/clk_out | dataConsume1/data_store[109][7]_i_1_n_0 |                                   |                4 |              8 |         2.00 |
|  clk_wiz/inst/clk_out | dataConsume1/data_store[114][7]_i_1_n_0 |                                   |                6 |              8 |         1.33 |
|  clk_wiz/inst/clk_out | dataConsume1/data_store[117][7]_i_1_n_0 |                                   |                4 |              8 |         2.00 |
|  clk_wiz/inst/clk_out | dataConsume1/data_store[100][7]_i_1_n_0 |                                   |                7 |              8 |         1.14 |
|  clk_wiz/inst/clk_out | dataConsume1/data_store[122][7]_i_1_n_0 |                                   |                6 |              8 |         1.33 |
|  clk_wiz/inst/clk_out | dataConsume1/data_store[123][7]_i_1_n_0 |                                   |                7 |              8 |         1.14 |
|  clk_wiz/inst/clk_out | dataConsume1/data_store[103][7]_i_1_n_0 |                                   |                5 |              8 |         1.60 |
|  clk_wiz/inst/clk_out | dataConsume1/data_store[0][7]_i_2_n_0   | dataConsume1/data_store[505]_10   |                6 |              8 |         1.33 |
|  clk_wiz/inst/clk_out | dataConsume1/data_store[10][7]_i_1_n_0  |                                   |                8 |              8 |         1.00 |
|  clk_wiz/inst/clk_out | dataConsume1/data_store[110][7]_i_1_n_0 |                                   |                5 |              8 |         1.60 |
|  clk_wiz/inst/clk_out | dataConsume1/data_store[124][7]_i_1_n_0 |                                   |                4 |              8 |         2.00 |
|  clk_wiz/inst/clk_out | dataConsume1/data_store[105][7]_i_1_n_0 |                                   |                7 |              8 |         1.14 |
|  clk_wiz/inst/clk_out | dataConsume1/data_store[125][7]_i_1_n_0 |                                   |                4 |              8 |         2.00 |
|  clk_wiz/inst/clk_out | dataConsume1/data_store[107][7]_i_1_n_0 |                                   |                6 |              8 |         1.33 |
|  clk_wiz/inst/clk_out | dataConsume1/data_store[121][7]_i_1_n_0 |                                   |                7 |              8 |         1.14 |
|  clk_wiz/inst/clk_out | dataConsume1/data_store[126][7]_i_1_n_0 |                                   |                3 |              8 |         2.67 |
|  clk_wiz/inst/clk_out | dataConsume1/data_store[111][7]_i_1_n_0 |                                   |                7 |              8 |         1.14 |
|  clk_wiz/inst/clk_out | dataConsume1/data_store[118][7]_i_1_n_0 |                                   |                5 |              8 |         1.60 |
|  clk_wiz/inst/clk_out | dataConsume1/data_store[115][7]_i_1_n_0 |                                   |                5 |              8 |         1.60 |
|  clk_wiz/inst/clk_out | dataConsume1/data_store[128][7]_i_1_n_0 |                                   |                5 |              8 |         1.60 |
|  clk_wiz/inst/clk_out | dataConsume1/data_store[134][7]_i_1_n_0 |                                   |                3 |              8 |         2.67 |
|  clk_wiz/inst/clk_out | dataConsume1/data_store[12][7]_i_1_n_0  |                                   |                3 |              8 |         2.67 |
|  clk_wiz/inst/clk_out | dataConsume1/data_store[136][7]_i_1_n_0 |                                   |                5 |              8 |         1.60 |
|  clk_wiz/inst/clk_out | dataConsume1/data_store[137][7]_i_1_n_0 |                                   |                5 |              8 |         1.60 |
|  clk_wiz/inst/clk_out | dataConsume1/data_store[138][7]_i_1_n_0 |                                   |                5 |              8 |         1.60 |
|  clk_wiz/inst/clk_out | dataConsume1/data_store[131][7]_i_1_n_0 |                                   |                6 |              8 |         1.33 |
|  clk_wiz/inst/clk_out | dataConsume1/data_store[135][7]_i_1_n_0 |                                   |                7 |              8 |         1.14 |
|  clk_wiz/inst/clk_out | dataConsume1/data_store[130][7]_i_1_n_0 |                                   |                4 |              8 |         2.00 |
|  clk_wiz/inst/clk_out | dataConsume1/data_store[129][7]_i_1_n_0 |                                   |                5 |              8 |         1.60 |
|  clk_wiz/inst/clk_out | dataConsume1/data_store[132][7]_i_1_n_0 |                                   |                4 |              8 |         2.00 |
|  clk_wiz/inst/clk_out | dataConsume1/data_store[133][7]_i_1_n_0 |                                   |                3 |              8 |         2.67 |
|  clk_wiz/inst/clk_out | dataConsume1/data_store[214][7]_i_1_n_0 |                                   |                6 |              8 |         1.33 |
|  clk_wiz/inst/clk_out | dataConsume1/data_store[1][7]_i_1_n_0   | dataConsume1/data_store[505]_10   |                5 |              8 |         1.60 |
|  clk_wiz/inst/clk_out | dataConsume1/data_store[187][7]_i_1_n_0 |                                   |                3 |              8 |         2.67 |
|  clk_wiz/inst/clk_out | dataConsume1/data_store[182][7]_i_1_n_0 |                                   |                6 |              8 |         1.33 |
|  clk_wiz/inst/clk_out | dataConsume1/data_store[185][7]_i_1_n_0 |                                   |                5 |              8 |         1.60 |
|  clk_wiz/inst/clk_out | dataConsume1/data_store[217][7]_i_1_n_0 |                                   |                7 |              8 |         1.14 |
|  clk_wiz/inst/clk_out | dataConsume1/data_store[183][7]_i_1_n_0 |                                   |                7 |              8 |         1.14 |
|  clk_wiz/inst/clk_out | dataConsume1/data_store[220][7]_i_1_n_0 |                                   |                6 |              8 |         1.33 |
|  clk_wiz/inst/clk_out | dataConsume1/data_store[19][7]_i_1_n_0  |                                   |                5 |              8 |         1.60 |
|  clk_wiz/inst/clk_out | dataConsume1/data_store[184][7]_i_1_n_0 |                                   |                3 |              8 |         2.67 |
|  clk_wiz/inst/clk_out | dataConsume1/data_store[197][7]_i_1_n_0 |                                   |                2 |              8 |         4.00 |
|  clk_wiz/inst/clk_out | dataConsume1/data_store[199][7]_i_1_n_0 |                                   |                5 |              8 |         1.60 |
|  clk_wiz/inst/clk_out | dataConsume1/data_store[221][7]_i_1_n_0 |                                   |                6 |              8 |         1.33 |
|  clk_wiz/inst/clk_out | dataConsume1/data_store[206][7]_i_1_n_0 |                                   |                7 |              8 |         1.14 |
|  clk_wiz/inst/clk_out | dataConsume1/data_store[222][7]_i_1_n_0 |                                   |                4 |              8 |         2.00 |
|  clk_wiz/inst/clk_out | dataConsume1/data_store[219][7]_i_1_n_0 |                                   |                4 |              8 |         2.00 |
|  clk_wiz/inst/clk_out | dataConsume1/data_store[188][7]_i_1_n_0 |                                   |                6 |              8 |         1.33 |
|  clk_wiz/inst/clk_out | dataConsume1/data_store[204][7]_i_1_n_0 |                                   |                5 |              8 |         1.60 |
|  clk_wiz/inst/clk_out | dataConsume1/data_store[218][7]_i_1_n_0 |                                   |                6 |              8 |         1.33 |
|  clk_wiz/inst/clk_out | dataConsume1/data_store[21][7]_i_1_n_0  |                                   |                3 |              8 |         2.67 |
|  clk_wiz/inst/clk_out | dataConsume1/data_store[223][7]_i_1_n_0 |                                   |                5 |              8 |         1.60 |
|  clk_wiz/inst/clk_out | dataConsume1/data_store[194][7]_i_1_n_0 |                                   |                4 |              8 |         2.00 |
|  clk_wiz/inst/clk_out | dataConsume1/data_store[191][7]_i_1_n_0 |                                   |                6 |              8 |         1.33 |
|  clk_wiz/inst/clk_out | dataConsume1/data_store[203][7]_i_1_n_0 |                                   |                5 |              8 |         1.60 |
|  clk_wiz/inst/clk_out | dataConsume1/data_store[207][7]_i_1_n_0 |                                   |                7 |              8 |         1.14 |
|  clk_wiz/inst/clk_out | dataConsume1/data_store[193][7]_i_1_n_0 |                                   |                6 |              8 |         1.33 |
|  clk_wiz/inst/clk_out | dataConsume1/data_store[195][7]_i_1_n_0 |                                   |                4 |              8 |         2.00 |
|  clk_wiz/inst/clk_out | dataConsume1/data_store[216][7]_i_1_n_0 |                                   |                4 |              8 |         2.00 |
|  clk_wiz/inst/clk_out | dataConsume1/data_store[209][7]_i_1_n_0 |                                   |                5 |              8 |         1.60 |
|  clk_wiz/inst/clk_out | dataConsume1/data_store[20][7]_i_1_n_0  |                                   |                5 |              8 |         1.60 |
|  clk_wiz/inst/clk_out | dataConsume1/data_store[210][7]_i_1_n_0 |                                   |                5 |              8 |         1.60 |
|  clk_wiz/inst/clk_out | dataConsume1/data_store[215][7]_i_1_n_0 |                                   |                6 |              8 |         1.33 |
|  clk_wiz/inst/clk_out | dataConsume1/data_store[190][7]_i_1_n_0 |                                   |                2 |              8 |         4.00 |
|  clk_wiz/inst/clk_out | dataConsume1/data_store[192][7]_i_1_n_0 |                                   |                4 |              8 |         2.00 |
|  clk_wiz/inst/clk_out | dataConsume1/data_store[200][7]_i_1_n_0 |                                   |                5 |              8 |         1.60 |
|  clk_wiz/inst/clk_out | dataConsume1/data_store[201][7]_i_1_n_0 |                                   |                5 |              8 |         1.60 |
|  clk_wiz/inst/clk_out | dataConsume1/data_store[202][7]_i_1_n_0 |                                   |                7 |              8 |         1.14 |
|  clk_wiz/inst/clk_out | dataConsume1/data_store[205][7]_i_1_n_0 |                                   |                4 |              8 |         2.00 |
|  clk_wiz/inst/clk_out | dataConsume1/data_store[198][7]_i_1_n_0 |                                   |                5 |              8 |         1.60 |
|  clk_wiz/inst/clk_out | dataConsume1/data_store[189][7]_i_1_n_0 |                                   |                6 |              8 |         1.33 |
|  clk_wiz/inst/clk_out | dataConsume1/data_store[212][7]_i_1_n_0 |                                   |                5 |              8 |         1.60 |
|  clk_wiz/inst/clk_out | dataConsume1/data_store[211][7]_i_1_n_0 |                                   |                5 |              8 |         1.60 |
|  clk_wiz/inst/clk_out | dataConsume1/data_store[213][7]_i_1_n_0 |                                   |                5 |              8 |         1.60 |
|  clk_wiz/inst/clk_out | dataConsume1/data_store[186][7]_i_1_n_0 |                                   |                6 |              8 |         1.33 |
|  clk_wiz/inst/clk_out | dataConsume1/data_store[18][7]_i_1_n_0  |                                   |                5 |              8 |         1.60 |
|  clk_wiz/inst/clk_out | dataConsume1/data_store[196][7]_i_1_n_0 |                                   |                4 |              8 |         2.00 |
|  clk_wiz/inst/clk_out | dataConsume1/data_store[240][7]_i_1_n_0 |                                   |                4 |              8 |         2.00 |
|  clk_wiz/inst/clk_out | dataConsume1/data_store[225][7]_i_1_n_0 |                                   |                6 |              8 |         1.33 |
|  clk_wiz/inst/clk_out | dataConsume1/data_store[233][7]_i_1_n_0 |                                   |                6 |              8 |         1.33 |
|  clk_wiz/inst/clk_out | dataConsume1/data_store[229][7]_i_1_n_0 |                                   |                5 |              8 |         1.60 |
|  clk_wiz/inst/clk_out | dataConsume1/data_store[23][7]_i_1_n_0  |                                   |                5 |              8 |         1.60 |
|  clk_wiz/inst/clk_out | dataConsume1/data_store[245][7]_i_1_n_0 |                                   |                6 |              8 |         1.33 |
|  clk_wiz/inst/clk_out | dataConsume1/data_store[239][7]_i_1_n_0 |                                   |                6 |              8 |         1.33 |
|  clk_wiz/inst/clk_out | dataConsume1/data_store[227][7]_i_1_n_0 |                                   |                4 |              8 |         2.00 |
|  clk_wiz/inst/clk_out | dataConsume1/data_store[228][7]_i_1_n_0 |                                   |                4 |              8 |         2.00 |
|  clk_wiz/inst/clk_out | dataConsume1/data_store[244][7]_i_1_n_0 |                                   |                5 |              8 |         1.60 |
|  clk_wiz/inst/clk_out | dataConsume1/data_store[249][7]_i_1_n_0 |                                   |                4 |              8 |         2.00 |
|  clk_wiz/inst/clk_out | dataConsume1/data_store[255][7]_i_1_n_0 |                                   |                3 |              8 |         2.67 |
|  clk_wiz/inst/clk_out | dataConsume1/data_store[259][7]_i_1_n_0 |                                   |                5 |              8 |         1.60 |
|  clk_wiz/inst/clk_out | dataConsume1/data_store[254][7]_i_1_n_0 |                                   |                4 |              8 |         2.00 |
|  clk_wiz/inst/clk_out | dataConsume1/data_store[25][7]_i_1_n_0  |                                   |                6 |              8 |         1.33 |
|  clk_wiz/inst/clk_out | dataConsume1/data_store[253][7]_i_1_n_0 |                                   |                3 |              8 |         2.67 |
|  clk_wiz/inst/clk_out | dataConsume1/data_store[260][7]_i_1_n_0 |                                   |                5 |              8 |         1.60 |
|  clk_wiz/inst/clk_out | dataConsume1/data_store[231][7]_i_1_n_0 |                                   |                8 |              8 |         1.00 |
|  clk_wiz/inst/clk_out | dataConsume1/data_store[22][7]_i_1_n_0  |                                   |                5 |              8 |         1.60 |
|  clk_wiz/inst/clk_out | dataConsume1/data_store[247][7]_i_1_n_0 |                                   |                3 |              8 |         2.67 |
|  clk_wiz/inst/clk_out | dataConsume1/data_store[250][7]_i_1_n_0 |                                   |                4 |              8 |         2.00 |
|  clk_wiz/inst/clk_out | dataConsume1/data_store[235][7]_i_1_n_0 |                                   |                6 |              8 |         1.33 |
|  clk_wiz/inst/clk_out | dataConsume1/data_store[258][7]_i_1_n_0 |                                   |                6 |              8 |         1.33 |
|  clk_wiz/inst/clk_out | dataConsume1/data_store[236][7]_i_1_n_0 |                                   |                5 |              8 |         1.60 |
|  clk_wiz/inst/clk_out | dataConsume1/data_store[251][7]_i_1_n_0 |                                   |                7 |              8 |         1.14 |
|  clk_wiz/inst/clk_out | dataConsume1/data_store[261][7]_i_1_n_0 |                                   |                7 |              8 |         1.14 |
|  clk_wiz/inst/clk_out | dataConsume1/data_store[24][7]_i_1_n_0  |                                   |                4 |              8 |         2.00 |
|  clk_wiz/inst/clk_out | dataConsume1/data_store[262][7]_i_1_n_0 |                                   |                6 |              8 |         1.33 |
|  clk_wiz/inst/clk_out | dataConsume1/data_store[224][7]_i_1_n_0 |                                   |                5 |              8 |         1.60 |
|  clk_wiz/inst/clk_out | dataConsume1/data_store[230][7]_i_1_n_0 |                                   |                7 |              8 |         1.14 |
|  clk_wiz/inst/clk_out | dataConsume1/data_store[232][7]_i_1_n_0 |                                   |                5 |              8 |         1.60 |
|  clk_wiz/inst/clk_out | dataConsume1/data_store[241][7]_i_1_n_0 |                                   |                5 |              8 |         1.60 |
|  clk_wiz/inst/clk_out | dataConsume1/data_store[238][7]_i_1_n_0 |                                   |                4 |              8 |         2.00 |
|  clk_wiz/inst/clk_out | dataConsume1/data_store[242][7]_i_1_n_0 |                                   |                4 |              8 |         2.00 |
|  clk_wiz/inst/clk_out | dataConsume1/data_store[243][7]_i_1_n_0 |                                   |                5 |              8 |         1.60 |
|  clk_wiz/inst/clk_out | dataConsume1/data_store[246][7]_i_1_n_0 |                                   |                6 |              8 |         1.33 |
|  clk_wiz/inst/clk_out | dataConsume1/data_store[234][7]_i_1_n_0 |                                   |                6 |              8 |         1.33 |
|  clk_wiz/inst/clk_out | dataConsume1/data_store[252][7]_i_1_n_0 |                                   |                3 |              8 |         2.67 |
|  clk_wiz/inst/clk_out | dataConsume1/data_store[256][7]_i_1_n_0 |                                   |                5 |              8 |         1.60 |
|  clk_wiz/inst/clk_out | dataConsume1/data_store[257][7]_i_1_n_0 |                                   |                5 |              8 |         1.60 |
|  clk_wiz/inst/clk_out | dataConsume1/data_store[237][7]_i_1_n_0 |                                   |                6 |              8 |         1.33 |
|  clk_wiz/inst/clk_out | dataConsume1/data_store[248][7]_i_1_n_0 |                                   |                6 |              8 |         1.33 |
|  clk_wiz/inst/clk_out | dataConsume1/data_store[226][7]_i_1_n_0 |                                   |                4 |              8 |         2.00 |
|  clk_wiz/inst/clk_out | dataConsume1/data_store[284][7]_i_1_n_0 |                                   |                4 |              8 |         2.00 |
|  clk_wiz/inst/clk_out | dataConsume1/data_store[295][7]_i_1_n_0 |                                   |                5 |              8 |         1.60 |
|  clk_wiz/inst/clk_out | dataConsume1/data_store[296][7]_i_1_n_0 |                                   |                3 |              8 |         2.67 |
|  clk_wiz/inst/clk_out | dataConsume1/data_store[299][7]_i_1_n_0 |                                   |                6 |              8 |         1.33 |
|  clk_wiz/inst/clk_out | dataConsume1/data_store[264][7]_i_1_n_0 |                                   |                4 |              8 |         2.00 |
|  clk_wiz/inst/clk_out | dataConsume1/data_store[290][7]_i_1_n_0 |                                   |                5 |              8 |         1.60 |
|  clk_wiz/inst/clk_out | dataConsume1/data_store[29][7]_i_1_n_0  |                                   |                5 |              8 |         1.60 |
|  clk_wiz/inst/clk_out | dataConsume1/data_store[2][7]_i_1_n_0   | dataConsume1/data_store[505]_10   |                5 |              8 |         1.60 |
|  clk_wiz/inst/clk_out | dataConsume1/data_store[277][7]_i_1_n_0 |                                   |                6 |              8 |         1.33 |
|  clk_wiz/inst/clk_out | dataConsume1/data_store[278][7]_i_1_n_0 |                                   |                4 |              8 |         2.00 |
|  clk_wiz/inst/clk_out | dataConsume1/data_store[297][7]_i_1_n_0 |                                   |                4 |              8 |         2.00 |
|  clk_wiz/inst/clk_out | dataConsume1/data_store[298][7]_i_1_n_0 |                                   |                5 |              8 |         1.60 |
|  clk_wiz/inst/clk_out | dataConsume1/data_store[283][7]_i_1_n_0 |                                   |                5 |              8 |         1.60 |
|  clk_wiz/inst/clk_out | dataConsume1/data_store[271][7]_i_1_n_0 |                                   |                4 |              8 |         2.00 |
|  clk_wiz/inst/clk_out | dataConsume1/data_store[263][7]_i_1_n_0 |                                   |                4 |              8 |         2.00 |
|  clk_wiz/inst/clk_out | dataConsume1/data_store[265][7]_i_1_n_0 |                                   |                6 |              8 |         1.33 |
|  clk_wiz/inst/clk_out | dataConsume1/data_store[287][7]_i_1_n_0 |                                   |                5 |              8 |         1.60 |
|  clk_wiz/inst/clk_out | dataConsume1/data_store[292][7]_i_1_n_0 |                                   |                6 |              8 |         1.33 |
|  clk_wiz/inst/clk_out | dataConsume1/data_store[27][7]_i_1_n_0  |                                   |                5 |              8 |         1.60 |
|  clk_wiz/inst/clk_out | dataConsume1/data_store[282][7]_i_1_n_0 |                                   |                4 |              8 |         2.00 |
|  clk_wiz/inst/clk_out | dataConsume1/data_store[286][7]_i_1_n_0 |                                   |                7 |              8 |         1.14 |
|  clk_wiz/inst/clk_out | dataConsume1/data_store[26][7]_i_1_n_0  |                                   |                3 |              8 |         2.67 |
|  clk_wiz/inst/clk_out | dataConsume1/data_store[291][7]_i_1_n_0 |                                   |                4 |              8 |         2.00 |
|  clk_wiz/inst/clk_out | dataConsume1/data_store[280][7]_i_1_n_0 |                                   |                4 |              8 |         2.00 |
|  clk_wiz/inst/clk_out | dataConsume1/data_store[272][7]_i_1_n_0 |                                   |                5 |              8 |         1.60 |
|  clk_wiz/inst/clk_out | dataConsume1/data_store[281][7]_i_1_n_0 |                                   |                5 |              8 |         1.60 |
|  clk_wiz/inst/clk_out | dataConsume1/data_store[289][7]_i_1_n_0 |                                   |                4 |              8 |         2.00 |
|  clk_wiz/inst/clk_out | dataConsume1/data_store[274][7]_i_1_n_0 |                                   |                6 |              8 |         1.33 |
|  clk_wiz/inst/clk_out | dataConsume1/data_store[275][7]_i_1_n_0 |                                   |                7 |              8 |         1.14 |
|  clk_wiz/inst/clk_out | dataConsume1/data_store[270][7]_i_1_n_0 |                                   |                5 |              8 |         1.60 |
|  clk_wiz/inst/clk_out | dataConsume1/data_store[294][7]_i_1_n_0 |                                   |                2 |              8 |         4.00 |
|  clk_wiz/inst/clk_out | dataConsume1/data_store[285][7]_i_1_n_0 |                                   |                5 |              8 |         1.60 |
|  clk_wiz/inst/clk_out | dataConsume1/data_store[273][7]_i_1_n_0 |                                   |                4 |              8 |         2.00 |
|  clk_wiz/inst/clk_out | dataConsume1/data_store[268][7]_i_1_n_0 |                                   |                4 |              8 |         2.00 |
|  clk_wiz/inst/clk_out | dataConsume1/data_store[276][7]_i_1_n_0 |                                   |                5 |              8 |         1.60 |
|  clk_wiz/inst/clk_out | dataConsume1/data_store[266][7]_i_1_n_0 |                                   |                4 |              8 |         2.00 |
|  clk_wiz/inst/clk_out | dataConsume1/data_store[288][7]_i_1_n_0 |                                   |                4 |              8 |         2.00 |
|  clk_wiz/inst/clk_out | dataConsume1/data_store[28][7]_i_1_n_0  |                                   |                6 |              8 |         1.33 |
|  clk_wiz/inst/clk_out | dataConsume1/data_store[267][7]_i_1_n_0 |                                   |                4 |              8 |         2.00 |
|  clk_wiz/inst/clk_out | dataConsume1/data_store[269][7]_i_1_n_0 |                                   |                4 |              8 |         2.00 |
|  clk_wiz/inst/clk_out | dataConsume1/data_store[279][7]_i_1_n_0 |                                   |                6 |              8 |         1.33 |
|  clk_wiz/inst/clk_out | dataConsume1/data_store[293][7]_i_1_n_0 |                                   |                5 |              8 |         1.60 |
|  clk_wiz/inst/clk_out | dataConsume1/data_store[301][7]_i_1_n_0 |                                   |                6 |              8 |         1.33 |
|  clk_wiz/inst/clk_out | dataConsume1/data_store[304][7]_i_1_n_0 |                                   |                3 |              8 |         2.67 |
|  clk_wiz/inst/clk_out | dataConsume1/data_store[327][7]_i_1_n_0 |                                   |                5 |              8 |         1.60 |
|  clk_wiz/inst/clk_out | dataConsume1/data_store[328][7]_i_1_n_0 |                                   |                5 |              8 |         1.60 |
|  clk_wiz/inst/clk_out | dataConsume1/data_store[329][7]_i_1_n_0 |                                   |                5 |              8 |         1.60 |
|  clk_wiz/inst/clk_out | dataConsume1/data_store[305][7]_i_1_n_0 |                                   |                5 |              8 |         1.60 |
|  clk_wiz/inst/clk_out | dataConsume1/data_store[308][7]_i_1_n_0 |                                   |                5 |              8 |         1.60 |
|  clk_wiz/inst/clk_out | dataConsume1/data_store[318][7]_i_1_n_0 |                                   |                4 |              8 |         2.00 |
|  clk_wiz/inst/clk_out | dataConsume1/data_store[32][7]_i_1_n_0  |                                   |                4 |              8 |         2.00 |
|  clk_wiz/inst/clk_out | dataConsume1/data_store[330][7]_i_1_n_0 |                                   |                6 |              8 |         1.33 |
|  clk_wiz/inst/clk_out | dataConsume1/data_store[333][7]_i_1_n_0 |                                   |                6 |              8 |         1.33 |
|  clk_wiz/inst/clk_out | dataConsume1/data_store[334][7]_i_1_n_0 |                                   |                6 |              8 |         1.33 |
|  clk_wiz/inst/clk_out | dataConsume1/data_store[335][7]_i_1_n_0 |                                   |                6 |              8 |         1.33 |
|  clk_wiz/inst/clk_out | dataConsume1/data_store[338][7]_i_1_n_0 |                                   |                6 |              8 |         1.33 |
|  clk_wiz/inst/clk_out | dataConsume1/data_store[33][7]_i_1_n_0  |                                   |                3 |              8 |         2.67 |
|  clk_wiz/inst/clk_out | dataConsume1/data_store[339][7]_i_1_n_0 |                                   |                5 |              8 |         1.60 |
|  clk_wiz/inst/clk_out | dataConsume1/data_store[317][7]_i_1_n_0 |                                   |                5 |              8 |         1.60 |
|  clk_wiz/inst/clk_out | dataConsume1/data_store[341][7]_i_1_n_0 |                                   |                5 |              8 |         1.60 |
|  clk_wiz/inst/clk_out | dataConsume1/data_store[342][7]_i_1_n_0 |                                   |                4 |              8 |         2.00 |
|  clk_wiz/inst/clk_out | dataConsume1/data_store[300][7]_i_1_n_0 |                                   |                4 |              8 |         2.00 |
|  clk_wiz/inst/clk_out | dataConsume1/data_store[313][7]_i_1_n_0 |                                   |                3 |              8 |         2.67 |
|  clk_wiz/inst/clk_out | dataConsume1/data_store[331][7]_i_1_n_0 |                                   |                5 |              8 |         1.60 |
|  clk_wiz/inst/clk_out | dataConsume1/data_store[340][7]_i_1_n_0 |                                   |                5 |              8 |         1.60 |
|  clk_wiz/inst/clk_out | dataConsume1/data_store[336][7]_i_1_n_0 |                                   |                5 |              8 |         1.60 |
|  clk_wiz/inst/clk_out | dataConsume1/data_store[314][7]_i_1_n_0 |                                   |                6 |              8 |         1.33 |
|  clk_wiz/inst/clk_out | dataConsume1/data_store[316][7]_i_1_n_0 |                                   |                4 |              8 |         2.00 |
|  clk_wiz/inst/clk_out | dataConsume1/data_store[320][7]_i_1_n_0 |                                   |                3 |              8 |         2.67 |
|  clk_wiz/inst/clk_out | dataConsume1/data_store[337][7]_i_1_n_0 |                                   |                5 |              8 |         1.60 |
|  clk_wiz/inst/clk_out | dataConsume1/data_store[309][7]_i_1_n_0 |                                   |                4 |              8 |         2.00 |
|  clk_wiz/inst/clk_out | dataConsume1/data_store[343][7]_i_1_n_0 |                                   |                7 |              8 |         1.14 |
|  clk_wiz/inst/clk_out | dataConsume1/data_store[31][7]_i_1_n_0  |                                   |                5 |              8 |         1.60 |
|  clk_wiz/inst/clk_out | dataConsume1/data_store[311][7]_i_1_n_0 |                                   |                4 |              8 |         2.00 |
|  clk_wiz/inst/clk_out | dataConsume1/data_store[322][7]_i_1_n_0 |                                   |                3 |              8 |         2.67 |
|  clk_wiz/inst/clk_out | dataConsume1/data_store[332][7]_i_1_n_0 |                                   |                6 |              8 |         1.33 |
|  clk_wiz/inst/clk_out | dataConsume1/data_store[344][7]_i_1_n_0 |                                   |                5 |              8 |         1.60 |
|  clk_wiz/inst/clk_out | dataConsume1/data_store[321][7]_i_1_n_0 |                                   |                6 |              8 |         1.33 |
|  clk_wiz/inst/clk_out | dataConsume1/data_store[323][7]_i_1_n_0 |                                   |                4 |              8 |         2.00 |
|  clk_wiz/inst/clk_out | dataConsume1/data_store[303][7]_i_1_n_0 |                                   |                5 |              8 |         1.60 |
|  clk_wiz/inst/clk_out | dataConsume1/data_store[307][7]_i_1_n_0 |                                   |                8 |              8 |         1.00 |
|  clk_wiz/inst/clk_out | dataConsume1/data_store[312][7]_i_1_n_0 |                                   |                3 |              8 |         2.67 |
|  clk_wiz/inst/clk_out | dataConsume1/data_store[310][7]_i_1_n_0 |                                   |                4 |              8 |         2.00 |
|  clk_wiz/inst/clk_out | dataConsume1/data_store[315][7]_i_1_n_0 |                                   |                5 |              8 |         1.60 |
|  clk_wiz/inst/clk_out | dataConsume1/data_store[319][7]_i_1_n_0 |                                   |                3 |              8 |         2.67 |
|  clk_wiz/inst/clk_out | dataConsume1/data_store[324][7]_i_1_n_0 |                                   |                5 |              8 |         1.60 |
|  clk_wiz/inst/clk_out | dataConsume1/data_store[325][7]_i_1_n_0 |                                   |                6 |              8 |         1.33 |
|  clk_wiz/inst/clk_out | dataConsume1/data_store[326][7]_i_1_n_0 |                                   |                4 |              8 |         2.00 |
|  clk_wiz/inst/clk_out | dataConsume1/data_store[30][7]_i_1_n_0  |                                   |                6 |              8 |         1.33 |
|  clk_wiz/inst/clk_out | dataConsume1/data_store[302][7]_i_1_n_0 |                                   |                6 |              8 |         1.33 |
|  clk_wiz/inst/clk_out | dataConsume1/data_store[306][7]_i_1_n_0 |                                   |                3 |              8 |         2.67 |
|  clk_wiz/inst/clk_out | dataConsume1/data_store[380][7]_i_1_n_0 |                                   |                5 |              8 |         1.60 |
|  clk_wiz/inst/clk_out | dataConsume1/data_store[382][7]_i_1_n_0 |                                   |                4 |              8 |         2.00 |
|  clk_wiz/inst/clk_out | dataConsume1/data_store[381][7]_i_1_n_0 |                                   |                5 |              8 |         1.60 |
|  clk_wiz/inst/clk_out | dataConsume1/data_store[370][7]_i_1_n_0 |                                   |                5 |              8 |         1.60 |
|  clk_wiz/inst/clk_out | dataConsume1/data_store[357][7]_i_1_n_0 |                                   |                6 |              8 |         1.33 |
|  clk_wiz/inst/clk_out | dataConsume1/data_store[363][7]_i_1_n_0 |                                   |                4 |              8 |         2.00 |
|  clk_wiz/inst/clk_out | dataConsume1/data_store[372][7]_i_1_n_0 |                                   |                6 |              8 |         1.33 |
|  clk_wiz/inst/clk_out | dataConsume1/data_store[388][7]_i_1_n_0 |                                   |                4 |              8 |         2.00 |
|  clk_wiz/inst/clk_out | dataConsume1/data_store[389][7]_i_1_n_0 |                                   |                4 |              8 |         2.00 |
|  clk_wiz/inst/clk_out | dataConsume1/data_store[38][7]_i_1_n_0  |                                   |                4 |              8 |         2.00 |
|  clk_wiz/inst/clk_out | dataConsume1/data_store[346][7]_i_1_n_0 |                                   |                5 |              8 |         1.60 |
|  clk_wiz/inst/clk_out | dataConsume1/data_store[369][7]_i_1_n_0 |                                   |                5 |              8 |         1.60 |
|  clk_wiz/inst/clk_out | dataConsume1/data_store[351][7]_i_1_n_0 |                                   |                6 |              8 |         1.33 |
|  clk_wiz/inst/clk_out | dataConsume1/data_store[356][7]_i_1_n_0 |                                   |                8 |              8 |         1.00 |
|  clk_wiz/inst/clk_out | dataConsume1/data_store[347][7]_i_1_n_0 |                                   |                6 |              8 |         1.33 |
|  clk_wiz/inst/clk_out | dataConsume1/data_store[35][7]_i_1_n_0  |                                   |                5 |              8 |         1.60 |
|  clk_wiz/inst/clk_out | dataConsume1/data_store[360][7]_i_1_n_0 |                                   |                5 |              8 |         1.60 |
|  clk_wiz/inst/clk_out | dataConsume1/data_store[374][7]_i_1_n_0 |                                   |                6 |              8 |         1.33 |
|  clk_wiz/inst/clk_out | dataConsume1/data_store[377][7]_i_1_n_0 |                                   |                5 |              8 |         1.60 |
|  clk_wiz/inst/clk_out | dataConsume1/data_store[371][7]_i_1_n_0 |                                   |                6 |              8 |         1.33 |
|  clk_wiz/inst/clk_out | dataConsume1/data_store[353][7]_i_1_n_0 |                                   |                4 |              8 |         2.00 |
|  clk_wiz/inst/clk_out | dataConsume1/data_store[34][7]_i_1_n_0  |                                   |                4 |              8 |         2.00 |
|  clk_wiz/inst/clk_out | dataConsume1/data_store[379][7]_i_1_n_0 |                                   |                5 |              8 |         1.60 |
|  clk_wiz/inst/clk_out | dataConsume1/data_store[37][7]_i_1_n_0  |                                   |                5 |              8 |         1.60 |
|  clk_wiz/inst/clk_out | dataConsume1/data_store[384][7]_i_1_n_0 |                                   |                4 |              8 |         2.00 |
|  clk_wiz/inst/clk_out | dataConsume1/data_store[387][7]_i_1_n_0 |                                   |                6 |              8 |         1.33 |
|  clk_wiz/inst/clk_out | dataConsume1/data_store[348][7]_i_1_n_0 |                                   |                6 |              8 |         1.33 |
|  clk_wiz/inst/clk_out | dataConsume1/data_store[364][7]_i_1_n_0 |                                   |                6 |              8 |         1.33 |
|  clk_wiz/inst/clk_out | dataConsume1/data_store[366][7]_i_1_n_0 |                                   |                5 |              8 |         1.60 |
|  clk_wiz/inst/clk_out | dataConsume1/data_store[367][7]_i_1_n_0 |                                   |                7 |              8 |         1.14 |
|  clk_wiz/inst/clk_out | dataConsume1/data_store[352][7]_i_1_n_0 |                                   |                5 |              8 |         1.60 |
|  clk_wiz/inst/clk_out | dataConsume1/data_store[376][7]_i_1_n_0 |                                   |                4 |              8 |         2.00 |
|  clk_wiz/inst/clk_out | dataConsume1/data_store[383][7]_i_1_n_0 |                                   |                4 |              8 |         2.00 |
|  clk_wiz/inst/clk_out | dataConsume1/data_store[355][7]_i_1_n_0 |                                   |                6 |              8 |         1.33 |
|  clk_wiz/inst/clk_out | dataConsume1/data_store[373][7]_i_1_n_0 |                                   |                2 |              8 |         4.00 |
|  clk_wiz/inst/clk_out | dataConsume1/data_store[385][7]_i_1_n_0 |                                   |                5 |              8 |         1.60 |
|  clk_wiz/inst/clk_out | dataConsume1/data_store[386][7]_i_1_n_0 |                                   |                4 |              8 |         2.00 |
|  clk_wiz/inst/clk_out | dataConsume1/data_store[349][7]_i_1_n_0 |                                   |                7 |              8 |         1.14 |
|  clk_wiz/inst/clk_out | dataConsume1/data_store[359][7]_i_1_n_0 |                                   |                5 |              8 |         1.60 |
|  clk_wiz/inst/clk_out | dataConsume1/data_store[362][7]_i_1_n_0 |                                   |                7 |              8 |         1.14 |
|  clk_wiz/inst/clk_out | dataConsume1/data_store[365][7]_i_1_n_0 |                                   |                6 |              8 |         1.33 |
|  clk_wiz/inst/clk_out | dataConsume1/data_store[368][7]_i_1_n_0 |                                   |                4 |              8 |         2.00 |
|  clk_wiz/inst/clk_out | dataConsume1/data_store[358][7]_i_1_n_0 |                                   |                6 |              8 |         1.33 |
|  clk_wiz/inst/clk_out | dataConsume1/data_store[350][7]_i_1_n_0 |                                   |                6 |              8 |         1.33 |
|  clk_wiz/inst/clk_out | dataConsume1/data_store[361][7]_i_1_n_0 |                                   |                5 |              8 |         1.60 |
|  clk_wiz/inst/clk_out | dataConsume1/data_store[354][7]_i_1_n_0 |                                   |                5 |              8 |         1.60 |
|  clk_wiz/inst/clk_out | dataConsume1/data_store[36][7]_i_1_n_0  |                                   |                6 |              8 |         1.33 |
|  clk_wiz/inst/clk_out | dataConsume1/data_store[345][7]_i_1_n_0 |                                   |                8 |              8 |         1.00 |
|  clk_wiz/inst/clk_out | dataConsume1/data_store[375][7]_i_1_n_0 |                                   |                7 |              8 |         1.14 |
|  clk_wiz/inst/clk_out | dataConsume1/data_store[378][7]_i_1_n_0 |                                   |                4 |              8 |         2.00 |
|  clk_wiz/inst/clk_out | dataConsume1/data_store[426][7]_i_1_n_0 |                                   |                6 |              8 |         1.33 |
|  clk_wiz/inst/clk_out | dataConsume1/data_store[401][7]_i_1_n_0 |                                   |                3 |              8 |         2.67 |
|  clk_wiz/inst/clk_out | dataConsume1/data_store[427][7]_i_1_n_0 |                                   |                7 |              8 |         1.14 |
|  clk_wiz/inst/clk_out | dataConsume1/data_store[398][7]_i_1_n_0 |                                   |                6 |              8 |         1.33 |
|  clk_wiz/inst/clk_out | dataConsume1/data_store[404][7]_i_1_n_0 |                                   |                6 |              8 |         1.33 |
|  clk_wiz/inst/clk_out | dataConsume1/data_store[421][7]_i_1_n_0 |                                   |                6 |              8 |         1.33 |
|  clk_wiz/inst/clk_out | dataConsume1/data_store[429][7]_i_1_n_0 |                                   |                6 |              8 |         1.33 |
|  clk_wiz/inst/clk_out | dataConsume1/data_store[392][7]_i_1_n_0 |                                   |                6 |              8 |         1.33 |
|  clk_wiz/inst/clk_out | dataConsume1/data_store[396][7]_i_1_n_0 |                                   |                5 |              8 |         1.60 |
|  clk_wiz/inst/clk_out | dataConsume1/data_store[399][7]_i_1_n_0 |                                   |                4 |              8 |         2.00 |
|  clk_wiz/inst/clk_out | dataConsume1/data_store[410][7]_i_1_n_0 |                                   |                5 |              8 |         1.60 |
|  clk_wiz/inst/clk_out | dataConsume1/data_store[42][7]_i_1_n_0  |                                   |                5 |              8 |         1.60 |
|  clk_wiz/inst/clk_out | dataConsume1/data_store[397][7]_i_1_n_0 |                                   |                5 |              8 |         1.60 |
|  clk_wiz/inst/clk_out | dataConsume1/data_store[403][7]_i_1_n_0 |                                   |                7 |              8 |         1.14 |
|  clk_wiz/inst/clk_out | dataConsume1/data_store[424][7]_i_1_n_0 |                                   |                4 |              8 |         2.00 |
|  clk_wiz/inst/clk_out | dataConsume1/data_store[423][7]_i_1_n_0 |                                   |                7 |              8 |         1.14 |
|  clk_wiz/inst/clk_out | dataConsume1/data_store[428][7]_i_1_n_0 |                                   |                7 |              8 |         1.14 |
|  clk_wiz/inst/clk_out | dataConsume1/data_store[430][7]_i_1_n_0 |                                   |                4 |              8 |         2.00 |
|  clk_wiz/inst/clk_out | dataConsume1/data_store[431][7]_i_1_n_0 |                                   |                5 |              8 |         1.60 |
|  clk_wiz/inst/clk_out | dataConsume1/data_store[432][7]_i_1_n_0 |                                   |                4 |              8 |         2.00 |
|  clk_wiz/inst/clk_out | dataConsume1/data_store[433][7]_i_1_n_0 |                                   |                5 |              8 |         1.60 |
|  clk_wiz/inst/clk_out | dataConsume1/data_store[434][7]_i_1_n_0 |                                   |                7 |              8 |         1.14 |
|  clk_wiz/inst/clk_out | dataConsume1/data_store[400][7]_i_1_n_0 |                                   |                5 |              8 |         1.60 |
|  clk_wiz/inst/clk_out | dataConsume1/data_store[405][7]_i_1_n_0 |                                   |                7 |              8 |         1.14 |
|  clk_wiz/inst/clk_out | dataConsume1/data_store[411][7]_i_1_n_0 |                                   |                7 |              8 |         1.14 |
|  clk_wiz/inst/clk_out | dataConsume1/data_store[407][7]_i_1_n_0 |                                   |                5 |              8 |         1.60 |
|  clk_wiz/inst/clk_out | dataConsume1/data_store[413][7]_i_1_n_0 |                                   |                7 |              8 |         1.14 |
|  clk_wiz/inst/clk_out | dataConsume1/data_store[394][7]_i_1_n_0 |                                   |                7 |              8 |         1.14 |
|  clk_wiz/inst/clk_out | dataConsume1/data_store[395][7]_i_1_n_0 |                                   |                5 |              8 |         1.60 |
|  clk_wiz/inst/clk_out | dataConsume1/data_store[40][7]_i_1_n_0  |                                   |                6 |              8 |         1.33 |
|  clk_wiz/inst/clk_out | dataConsume1/data_store[390][7]_i_1_n_0 |                                   |                6 |              8 |         1.33 |
|  clk_wiz/inst/clk_out | dataConsume1/data_store[39][7]_i_1_n_0  |                                   |                3 |              8 |         2.67 |
|  clk_wiz/inst/clk_out | dataConsume1/data_store[414][7]_i_1_n_0 |                                   |                6 |              8 |         1.33 |
|  clk_wiz/inst/clk_out | dataConsume1/data_store[417][7]_i_1_n_0 |                                   |                7 |              8 |         1.14 |
|  clk_wiz/inst/clk_out | dataConsume1/data_store[418][7]_i_1_n_0 |                                   |                6 |              8 |         1.33 |
|  clk_wiz/inst/clk_out | dataConsume1/data_store[41][7]_i_1_n_0  |                                   |                6 |              8 |         1.33 |
|  clk_wiz/inst/clk_out | dataConsume1/data_store[408][7]_i_1_n_0 |                                   |                4 |              8 |         2.00 |
|  clk_wiz/inst/clk_out | dataConsume1/data_store[393][7]_i_1_n_0 |                                   |                5 |              8 |         1.60 |
|  clk_wiz/inst/clk_out | dataConsume1/data_store[391][7]_i_1_n_0 |                                   |                4 |              8 |         2.00 |
|  clk_wiz/inst/clk_out | dataConsume1/data_store[416][7]_i_1_n_0 |                                   |                7 |              8 |         1.14 |
|  clk_wiz/inst/clk_out | dataConsume1/data_store[412][7]_i_1_n_0 |                                   |                6 |              8 |         1.33 |
|  clk_wiz/inst/clk_out | dataConsume1/data_store[409][7]_i_1_n_0 |                                   |                5 |              8 |         1.60 |
|  clk_wiz/inst/clk_out | dataConsume1/data_store[3][7]_i_1_n_0   |                                   |                2 |              8 |         4.00 |
|  clk_wiz/inst/clk_out | dataConsume1/data_store[402][7]_i_1_n_0 |                                   |                4 |              8 |         2.00 |
|  clk_wiz/inst/clk_out | dataConsume1/data_store[406][7]_i_1_n_0 |                                   |                6 |              8 |         1.33 |
|  clk_wiz/inst/clk_out | dataConsume1/data_store[415][7]_i_1_n_0 |                                   |                5 |              8 |         1.60 |
|  clk_wiz/inst/clk_out | dataConsume1/data_store[419][7]_i_1_n_0 |                                   |                5 |              8 |         1.60 |
|  clk_wiz/inst/clk_out | dataConsume1/data_store[420][7]_i_1_n_0 |                                   |                6 |              8 |         1.33 |
|  clk_wiz/inst/clk_out | dataConsume1/data_store[422][7]_i_1_n_0 |                                   |                7 |              8 |         1.14 |
|  clk_wiz/inst/clk_out | dataConsume1/data_store[425][7]_i_1_n_0 |                                   |                6 |              8 |         1.33 |
|  clk_wiz/inst/clk_out | dataConsume1/data_store[46][7]_i_1_n_0  |                                   |                4 |              8 |         2.00 |
|  clk_wiz/inst/clk_out | dataConsume1/data_store[471][7]_i_1_n_0 |                                   |                4 |              8 |         2.00 |
|  clk_wiz/inst/clk_out | dataConsume1/data_store[469][7]_i_1_n_0 |                                   |                6 |              8 |         1.33 |
|  clk_wiz/inst/clk_out | dataConsume1/data_store[44][7]_i_1_n_0  |                                   |                6 |              8 |         1.33 |
|  clk_wiz/inst/clk_out | dataConsume1/data_store[472][7]_i_1_n_0 |                                   |                4 |              8 |         2.00 |
|  clk_wiz/inst/clk_out | dataConsume1/data_store[464][7]_i_1_n_0 |                                   |                5 |              8 |         1.60 |
|  clk_wiz/inst/clk_out | dataConsume1/data_store[474][7]_i_1_n_0 |                                   |                5 |              8 |         1.60 |
|  clk_wiz/inst/clk_out | dataConsume1/data_store[443][7]_i_1_n_0 |                                   |                4 |              8 |         2.00 |
|  clk_wiz/inst/clk_out | dataConsume1/data_store[460][7]_i_1_n_0 |                                   |                4 |              8 |         2.00 |
|  clk_wiz/inst/clk_out | dataConsume1/data_store[465][7]_i_1_n_0 |                                   |                3 |              8 |         2.67 |
|  clk_wiz/inst/clk_out | dataConsume1/data_store[475][7]_i_1_n_0 |                                   |                4 |              8 |         2.00 |
|  clk_wiz/inst/clk_out | dataConsume1/data_store[476][7]_i_1_n_0 |                                   |                8 |              8 |         1.00 |
|  clk_wiz/inst/clk_out | dataConsume1/data_store[477][7]_i_1_n_0 |                                   |                5 |              8 |         1.60 |
|  clk_wiz/inst/clk_out | dataConsume1/data_store[478][7]_i_1_n_0 |                                   |                4 |              8 |         2.00 |
|  clk_wiz/inst/clk_out | dataConsume1/data_store[453][7]_i_1_n_0 |                                   |                6 |              8 |         1.33 |
|  clk_wiz/inst/clk_out | dataConsume1/data_store[479][7]_i_1_n_0 |                                   |                4 |              8 |         2.00 |
|  clk_wiz/inst/clk_out | dataConsume1/data_store[47][7]_i_1_n_0  |                                   |                5 |              8 |         1.60 |
|  clk_wiz/inst/clk_out | dataConsume1/data_store[470][7]_i_1_n_0 |                                   |                6 |              8 |         1.33 |
|  clk_wiz/inst/clk_out | dataConsume1/data_store[436][7]_i_1_n_0 |                                   |                6 |              8 |         1.33 |
|  clk_wiz/inst/clk_out | dataConsume1/data_store[459][7]_i_1_n_0 |                                   |                6 |              8 |         1.33 |
|  clk_wiz/inst/clk_out | dataConsume1/data_store[43][7]_i_1_n_0  |                                   |                8 |              8 |         1.00 |
|  clk_wiz/inst/clk_out | dataConsume1/data_store[450][7]_i_1_n_0 |                                   |                6 |              8 |         1.33 |
|  clk_wiz/inst/clk_out | dataConsume1/data_store[473][7]_i_1_n_0 |                                   |                6 |              8 |         1.33 |
|  clk_wiz/inst/clk_out | dataConsume1/data_store[447][7]_i_1_n_0 |                                   |                4 |              8 |         2.00 |
|  clk_wiz/inst/clk_out | dataConsume1/data_store[437][7]_i_1_n_0 |                                   |                6 |              8 |         1.33 |
|  clk_wiz/inst/clk_out | dataConsume1/data_store[438][7]_i_1_n_0 |                                   |                6 |              8 |         1.33 |
|  clk_wiz/inst/clk_out | dataConsume1/data_store[446][7]_i_1_n_0 |                                   |                2 |              8 |         4.00 |
|  clk_wiz/inst/clk_out | dataConsume1/data_store[451][7]_i_1_n_0 |                                   |                5 |              8 |         1.60 |
|  clk_wiz/inst/clk_out | dataConsume1/data_store[452][7]_i_1_n_0 |                                   |                4 |              8 |         2.00 |
|  clk_wiz/inst/clk_out | dataConsume1/data_store[455][7]_i_1_n_0 |                                   |                6 |              8 |         1.33 |
|  clk_wiz/inst/clk_out | dataConsume1/data_store[454][7]_i_1_n_0 |                                   |                4 |              8 |         2.00 |
|  clk_wiz/inst/clk_out | dataConsume1/data_store[439][7]_i_1_n_0 |                                   |                5 |              8 |         1.60 |
|  clk_wiz/inst/clk_out | dataConsume1/data_store[45][7]_i_1_n_0  |                                   |                5 |              8 |         1.60 |
|  clk_wiz/inst/clk_out | dataConsume1/data_store[448][7]_i_1_n_0 |                                   |                4 |              8 |         2.00 |
|  clk_wiz/inst/clk_out | dataConsume1/data_store[462][7]_i_1_n_0 |                                   |                6 |              8 |         1.33 |
|  clk_wiz/inst/clk_out | dataConsume1/data_store[463][7]_i_1_n_0 |                                   |                6 |              8 |         1.33 |
|  clk_wiz/inst/clk_out | dataConsume1/data_store[441][7]_i_1_n_0 |                                   |                5 |              8 |         1.60 |
|  clk_wiz/inst/clk_out | dataConsume1/data_store[466][7]_i_1_n_0 |                                   |                6 |              8 |         1.33 |
|  clk_wiz/inst/clk_out | dataConsume1/data_store[467][7]_i_1_n_0 |                                   |                5 |              8 |         1.60 |
|  clk_wiz/inst/clk_out | dataConsume1/data_store[442][7]_i_1_n_0 |                                   |                5 |              8 |         1.60 |
|  clk_wiz/inst/clk_out | dataConsume1/data_store[445][7]_i_1_n_0 |                                   |                5 |              8 |         1.60 |
|  clk_wiz/inst/clk_out | dataConsume1/data_store[457][7]_i_1_n_0 |                                   |                4 |              8 |         2.00 |
|  clk_wiz/inst/clk_out | dataConsume1/data_store[435][7]_i_1_n_0 |                                   |                5 |              8 |         1.60 |
|  clk_wiz/inst/clk_out | dataConsume1/data_store[456][7]_i_1_n_0 |                                   |                4 |              8 |         2.00 |
|  clk_wiz/inst/clk_out | dataConsume1/data_store[458][7]_i_1_n_0 |                                   |                4 |              8 |         2.00 |
|  clk_wiz/inst/clk_out | dataConsume1/data_store[449][7]_i_1_n_0 |                                   |                5 |              8 |         1.60 |
|  clk_wiz/inst/clk_out | dataConsume1/data_store[444][7]_i_1_n_0 |                                   |                5 |              8 |         1.60 |
|  clk_wiz/inst/clk_out | dataConsume1/data_store[440][7]_i_1_n_0 |                                   |                6 |              8 |         1.33 |
|  clk_wiz/inst/clk_out | dataConsume1/data_store[461][7]_i_1_n_0 |                                   |                5 |              8 |         1.60 |
|  clk_wiz/inst/clk_out | dataConsume1/data_store[468][7]_i_1_n_0 |                                   |                4 |              8 |         2.00 |
|  clk_wiz/inst/clk_out | dataConsume1/data_store[484][7]_i_1_n_0 |                                   |                5 |              8 |         1.60 |
|  clk_wiz/inst/clk_out | dataConsume1/data_store[487][7]_i_1_n_0 |                                   |                4 |              8 |         2.00 |
|  clk_wiz/inst/clk_out | dataConsume1/data_store[48][7]_i_1_n_0  |                                   |                5 |              8 |         1.60 |
|  clk_wiz/inst/clk_out | dataConsume1/data_store[4][7]_i_1_n_0   |                                   |                8 |              8 |         1.00 |
|  clk_wiz/inst/clk_out | dataConsume1/data_store[57][7]_i_1_n_0  |                                   |                7 |              8 |         1.14 |
|  clk_wiz/inst/clk_out | dataConsume1/data_store[5][7]_i_1_n_0   |                                   |                3 |              8 |         2.67 |
|  clk_wiz/inst/clk_out | dataConsume1/data_store[56][7]_i_1_n_0  |                                   |                4 |              8 |         2.00 |
|  clk_wiz/inst/clk_out | dataConsume1/data_store[60][7]_i_1_n_0  |                                   |                7 |              8 |         1.14 |
|  clk_wiz/inst/clk_out | dataConsume1/data_store[54][7]_i_1_n_0  |                                   |                5 |              8 |         1.60 |
|  clk_wiz/inst/clk_out | dataConsume1/data_store[480][7]_i_1_n_0 |                                   |                5 |              8 |         1.60 |
|  clk_wiz/inst/clk_out | dataConsume1/data_store[486][7]_i_1_n_0 |                                   |                5 |              8 |         1.60 |
|  clk_wiz/inst/clk_out | dataConsume1/data_store[496][7]_i_1_n_0 |                                   |                5 |              8 |         1.60 |
|  clk_wiz/inst/clk_out | dataConsume1/data_store[58][7]_i_1_n_0  |                                   |                5 |              8 |         1.60 |
|  clk_wiz/inst/clk_out | dataConsume1/data_store[62][7]_i_1_n_0  |                                   |                5 |              8 |         1.60 |
|  clk_wiz/inst/clk_out | dataConsume1/data_store[490][7]_i_1_n_0 |                                   |                3 |              8 |         2.67 |
|  clk_wiz/inst/clk_out | dataConsume1/data_store[485][7]_i_1_n_0 |                                   |                4 |              8 |         2.00 |
|  clk_wiz/inst/clk_out | dataConsume1/data_store[493][7]_i_1_n_0 |                                   |                6 |              8 |         1.33 |
|  clk_wiz/inst/clk_out | dataConsume1/data_store[495][7]_i_1_n_0 |                                   |                4 |              8 |         2.00 |
|  clk_wiz/inst/clk_out | dataConsume1/data_store[501][7]_i_1_n_0 |                                   |                3 |              8 |         2.67 |
|  clk_wiz/inst/clk_out | dataConsume1/data_store[49][7]_i_1_n_0  |                                   |                7 |              8 |         1.14 |
|  clk_wiz/inst/clk_out | dataConsume1/data_store[504][7]_i_1_n_0 | dataConsume1/data_store[505]_10   |                7 |              8 |         1.14 |
|  clk_wiz/inst/clk_out | dataConsume1/data_store[488][7]_i_1_n_0 |                                   |                5 |              8 |         1.60 |
|  clk_wiz/inst/clk_out | dataConsume1/data_store[489][7]_i_1_n_0 |                                   |                5 |              8 |         1.60 |
|  clk_wiz/inst/clk_out | dataConsume1/data_store[500][7]_i_1_n_0 |                                   |                4 |              8 |         2.00 |
|  clk_wiz/inst/clk_out | dataConsume1/data_store[51][7]_i_1_n_0  |                                   |                6 |              8 |         1.33 |
|  clk_wiz/inst/clk_out | dataConsume1/data_store[52][7]_i_1_n_0  |                                   |                4 |              8 |         2.00 |
|  clk_wiz/inst/clk_out | dataConsume1/data_store[59][7]_i_1_n_0  |                                   |                6 |              8 |         1.33 |
|  clk_wiz/inst/clk_out | dataConsume1/data_store[61][7]_i_1_n_0  |                                   |                5 |              8 |         1.60 |
|  clk_wiz/inst/clk_out | dataConsume1/data_store[63][7]_i_1_n_0  |                                   |                3 |              8 |         2.67 |
|  clk_wiz/inst/clk_out | dataConsume1/data_store[481][7]_i_1_n_0 |                                   |                4 |              8 |         2.00 |
|  clk_wiz/inst/clk_out | dataConsume1/data_store[494][7]_i_1_n_0 |                                   |                5 |              8 |         1.60 |
|  clk_wiz/inst/clk_out | dataConsume1/data_store[497][7]_i_1_n_0 |                                   |                5 |              8 |         1.60 |
|  clk_wiz/inst/clk_out | dataConsume1/data_store[499][7]_i_1_n_0 |                                   |                4 |              8 |         2.00 |
|  clk_wiz/inst/clk_out | dataConsume1/data_store[50][7]_i_1_n_0  |                                   |                5 |              8 |         1.60 |
|  clk_wiz/inst/clk_out | dataConsume1/data_store[53][7]_i_1_n_0  |                                   |                6 |              8 |         1.33 |
|  clk_wiz/inst/clk_out | dataConsume1/data_store[491][7]_i_1_n_0 |                                   |                4 |              8 |         2.00 |
|  clk_wiz/inst/clk_out | dataConsume1/data_store[492][7]_i_1_n_0 |                                   |                4 |              8 |         2.00 |
|  clk_wiz/inst/clk_out | dataConsume1/data_store[503][7]_i_1_n_0 | dataConsume1/data_store[505]_10   |                2 |              8 |         4.00 |
|  clk_wiz/inst/clk_out | dataConsume1/data_store[505][7]_i_1_n_0 | dataConsume1/data_store[505]_10   |                4 |              8 |         2.00 |
|  clk_wiz/inst/clk_out | dataConsume1/data_store[482][7]_i_1_n_0 |                                   |                3 |              8 |         2.67 |
|  clk_wiz/inst/clk_out | dataConsume1/data_store[502][7]_i_1_n_0 |                                   |                3 |              8 |         2.67 |
|  clk_wiz/inst/clk_out | dataConsume1/data_store[55][7]_i_1_n_0  |                                   |                6 |              8 |         1.33 |
|  clk_wiz/inst/clk_out | dataConsume1/data_store[483][7]_i_1_n_0 |                                   |                4 |              8 |         2.00 |
|  clk_wiz/inst/clk_out | dataConsume1/data_store[498][7]_i_1_n_0 |                                   |                4 |              8 |         2.00 |
|  clk_wiz/inst/clk_out | dataConsume1/data_store[87][7]_i_1_n_0  |                                   |                7 |              8 |         1.14 |
|  clk_wiz/inst/clk_out | dataConsume1/data_store[88][7]_i_1_n_0  |                                   |                6 |              8 |         1.33 |
|  clk_wiz/inst/clk_out | dataConsume1/data_store[64][7]_i_1_n_0  |                                   |                4 |              8 |         2.00 |
|  clk_wiz/inst/clk_out | dataConsume1/data_store[66][7]_i_1_n_0  |                                   |                4 |              8 |         2.00 |
|  clk_wiz/inst/clk_out | dataConsume1/data_store[90][7]_i_1_n_0  |                                   |                5 |              8 |         1.60 |
|  clk_wiz/inst/clk_out | dataConsume1/data_store[94][7]_i_1_n_0  |                                   |                4 |              8 |         2.00 |
|  clk_wiz/inst/clk_out | dataConsume1/data_store[95][7]_i_1_n_0  |                                   |                6 |              8 |         1.33 |
|  clk_wiz/inst/clk_out | dataConsume1/data_store[91][7]_i_1_n_0  |                                   |                6 |              8 |         1.33 |
|  clk_wiz/inst/clk_out | dataConsume1/data_store[81][7]_i_1_n_0  |                                   |                5 |              8 |         1.60 |
|  clk_wiz/inst/clk_out | dataConsume1/data_store[69][7]_i_1_n_0  |                                   |                5 |              8 |         1.60 |
|  clk_wiz/inst/clk_out | dataConsume1/data_store[80][7]_i_1_n_0  |                                   |                5 |              8 |         1.60 |
|  clk_wiz/inst/clk_out | dataConsume1/data_store[89][7]_i_1_n_0  |                                   |                4 |              8 |         2.00 |
|  clk_wiz/inst/clk_out | dataConsume1/data_store[92][7]_i_1_n_0  |                                   |                8 |              8 |         1.00 |
|  clk_wiz/inst/clk_out | dataConsume1/data_store[93][7]_i_1_n_0  |                                   |                5 |              8 |         1.60 |
|  clk_wiz/inst/clk_out | dataConsume1/data_store[70][7]_i_1_n_0  |                                   |                6 |              8 |         1.33 |
|  clk_wiz/inst/clk_out | dataConsume1/data_store[79][7]_i_1_n_0  |                                   |                4 |              8 |         2.00 |
|  clk_wiz/inst/clk_out | dataConsume1/data_store[96][7]_i_1_n_0  |                                   |                5 |              8 |         1.60 |
|  clk_wiz/inst/clk_out | dataConsume1/data_store[7][7]_i_1_n_0   |                                   |                6 |              8 |         1.33 |
|  clk_wiz/inst/clk_out | dataConsume1/data_store[67][7]_i_1_n_0  |                                   |                7 |              8 |         1.14 |
|  clk_wiz/inst/clk_out | dataConsume1/data_store[8][7]_i_1_n_0   |                                   |                7 |              8 |         1.14 |
|  clk_wiz/inst/clk_out | dataConsume1/data_store[73][7]_i_1_n_0  |                                   |                6 |              8 |         1.33 |
|  clk_wiz/inst/clk_out | dataConsume1/data_store[78][7]_i_1_n_0  |                                   |                5 |              8 |         1.60 |
|  clk_wiz/inst/clk_out | dataConsume1/data_store[76][7]_i_1_n_0  |                                   |                4 |              8 |         2.00 |
|  clk_wiz/inst/clk_out | dataConsume1/data_store[98][7]_i_1_n_0  |                                   |                5 |              8 |         1.60 |
|  clk_wiz/inst/clk_out | dataConsume1/data_store[82][7]_i_1_n_0  |                                   |                5 |              8 |         1.60 |
|  clk_wiz/inst/clk_out | dataConsume1/data_store[97][7]_i_1_n_0  |                                   |                7 |              8 |         1.14 |
|  clk_wiz/inst/clk_out | dataConsume1/data_store[99][7]_i_1_n_0  |                                   |                8 |              8 |         1.00 |
|  clk_wiz/inst/clk_out | dataConsume1/data_store[84][7]_i_1_n_0  |                                   |                2 |              8 |         4.00 |
|  clk_wiz/inst/clk_out | dataConsume1/data_store[85][7]_i_1_n_0  |                                   |                4 |              8 |         2.00 |
|  clk_wiz/inst/clk_out | dataConsume1/data_store[77][7]_i_1_n_0  |                                   |                3 |              8 |         2.67 |
|  clk_wiz/inst/clk_out | dataConsume1/data_store[71][7]_i_1_n_0  |                                   |                3 |              8 |         2.67 |
|  clk_wiz/inst/clk_out | dataConsume1/data_store[6][7]_i_1_n_0   |                                   |                6 |              8 |         1.33 |
|  clk_wiz/inst/clk_out | dataConsume1/data_store[65][7]_i_1_n_0  |                                   |                3 |              8 |         2.67 |
|  clk_wiz/inst/clk_out | dataConsume1/data_store[72][7]_i_1_n_0  |                                   |                4 |              8 |         2.00 |
|  clk_wiz/inst/clk_out | dataConsume1/data_store[75][7]_i_1_n_0  |                                   |                6 |              8 |         1.33 |
|  clk_wiz/inst/clk_out | dataConsume1/data_store[68][7]_i_1_n_0  |                                   |                7 |              8 |         1.14 |
|  clk_wiz/inst/clk_out | dataConsume1/data_store[74][7]_i_1_n_0  |                                   |                6 |              8 |         1.33 |
|  clk_wiz/inst/clk_out | rx/rcvShiftReg                          | reset_IBUF                        |                2 |              9 |         4.50 |
|  clk_wiz/inst/clk_out | dataConsume1/data_store[505]_10         |                                   |                3 |              9 |         3.00 |
|  clk_wiz/inst/clk_out | rx/bitTmr[10]_i_2_n_0                   | rx/bitTmr[10]_i_1_n_0             |                3 |             11 |         3.67 |
|  clk_wiz/inst/clk_out | cmdProc1/reg_numWords_bcd[2][3]_i_1_n_0 | reset_IBUF                        |                4 |             12 |         3.00 |
|  clk_wiz/inst/clk_out |                                         | tx/bitTmr                         |                4 |             14 |         3.50 |
|  clk_wiz/inst/clk_out | dataGen1/ctrlIn_detected                | reset_IBUF                        |                6 |             19 |         3.17 |
|  clk_wiz/inst/clk_out |                                         | dataConsume1/max_index[8]_i_1_n_0 |                8 |             21 |         2.62 |
|  clk_wiz/inst/clk_out |                                         | reset_IBUF                        |               10 |             22 |         2.20 |
|  clk_wiz/inst/clk_out | dataConsume1/temp[5]_i_1_n_0            | dataConsume1/temp[31]_i_1_n_0     |               17 |             24 |         1.41 |
|  clk_wiz/inst/clk_out | cmdProc1/rxdone                         | cmdProc1/byteNum_reg[0]0          |                6 |             31 |         5.17 |
|  clk_wiz/inst/clk_out | tx/bitIndex                             | tx/txdone                         |                9 |             32 |         3.56 |
|  clk_wiz/inst/clk_out | dataConsume1/E[0]                       |                                   |               34 |             56 |         1.65 |
|  clk_wiz/inst/clk_out |                                         |                                   |               37 |             68 |         1.84 |
|  clk_wiz/inst/clk_out | dataConsume1/E[0]                       | reset_IBUF                        |               23 |             68 |         2.96 |
|  clk_wiz/inst/clk_out | dataConsume1/en_send                    |                                   |               22 |             68 |         3.09 |
|  clk_wiz/inst/clk_out | dataConsume1/max_index[8]_i_2_n_0       | dataConsume1/max_index[8]_i_1_n_0 |               43 |             92 |         2.14 |
+-----------------------+-----------------------------------------+-----------------------------------+------------------+----------------+--------------+


