Time resolution is 1 ps
Note: Sequence No.0; Cycle count:3511
Time: 70230 ns  Iteration: 2  Process: /tb_dataGenConsume/seqCounter  File: C:/Users/archi/Documents/GitHub/digitalDesign/dataProcSim/dataProcSim.srcs/sources_1/imports/peak_detector/signed/tb_dataConsume_signed.vhd
Warning: Mismatch for seq 0:
byte 0 should be 01000011
but is           XXXXXXXX
Time: 70230 ns  Iteration: 2  Process: /tb_dataGenConsume/seqCounter  File: C:/Users/archi/Documents/GitHub/digitalDesign/dataProcSim/dataProcSim.srcs/sources_1/imports/peak_detector/signed/tb_dataConsume_signed.vhd
Warning: Mismatch for seq 0:
byte 1 should be 00110001
but is           XXXXXXXX
Time: 70230 ns  Iteration: 2  Process: /tb_dataGenConsume/seqCounter  File: C:/Users/archi/Documents/GitHub/digitalDesign/dataProcSim/dataProcSim.srcs/sources_1/imports/peak_detector/signed/tb_dataConsume_signed.vhd
Warning: Mismatch for seq 0:
byte 2 should be 00110111
but is           XXXXXXXX
Time: 70230 ns  Iteration: 2  Process: /tb_dataGenConsume/seqCounter  File: C:/Users/archi/Documents/GitHub/digitalDesign/dataProcSim/dataProcSim.srcs/sources_1/imports/peak_detector/signed/tb_dataConsume_signed.vhd
Warning: Mismatch for seq 0:
byte 3 should be 01111111
but is           XXXXXXXX
Time: 70230 ns  Iteration: 2  Process: /tb_dataGenConsume/seqCounter  File: C:/Users/archi/Documents/GitHub/digitalDesign/dataProcSim/dataProcSim.srcs/sources_1/imports/peak_detector/signed/tb_dataConsume_signed.vhd
Warning: Mismatch for seq 0:
byte 4 should be 00001001
but is           XXXXXXXX
Time: 70230 ns  Iteration: 2  Process: /tb_dataGenConsume/seqCounter  File: C:/Users/archi/Documents/GitHub/digitalDesign/dataProcSim/dataProcSim.srcs/sources_1/imports/peak_detector/signed/tb_dataConsume_signed.vhd
Warning: Mismatch for seq 0:
byte 5 should be 01100000
but is           XXXXXXXX
Time: 70230 ns  Iteration: 2  Process: /tb_dataGenConsume/seqCounter  File: C:/Users/archi/Documents/GitHub/digitalDesign/dataProcSim/dataProcSim.srcs/sources_1/imports/peak_detector/signed/tb_dataConsume_signed.vhd
Warning: Mismatch for seq 0:
byte 6 should be 01011011
but is           XXXXXXXX
Time: 70230 ns  Iteration: 2  Process: /tb_dataGenConsume/seqCounter  File: C:/Users/archi/Documents/GitHub/digitalDesign/dataProcSim/dataProcSim.srcs/sources_1/imports/peak_detector/signed/tb_dataConsume_signed.vhd
Warning: Mismatch for seq 0:
peak 0 should be {0100} {1000} {0000}
but is           {XXXX} {XXXX} {XXXX}
Time: 70230 ns  Iteration: 2  Process: /tb_dataGenConsume/seqCounter  File: C:/Users/archi/Documents/GitHub/digitalDesign/dataProcSim/dataProcSim.srcs/sources_1/imports/peak_detector/signed/tb_dataConsume_signed.vhd
